<?xml version="1.0" encoding="UTF-8"?>
<!-- Generated by org.testng.reporters.JUnitReportReporter -->
<testsuite hostname="Dell-PC" failures="0" tests="1" name="data.APIreadfromextrnal" time="2.189" errors="0" timestamp="18 May 2021 03:55:20 GMT" skipped="0">
  <testcase classname="data.APIreadfromextrnal" name="tcoo1" time="2.189"/>
</testsuite> <!-- data.APIreadfromextrnal -->
