<?xml version="1.0" encoding="UTF-8"?>
<!-- Generated by org.testng.reporters.JUnitReportReporter -->
<testsuite hostname="LAPTOP-43Q7UNA5" failures="0" tests="1" name="data.TC001_Get_whether" time="0.704" errors="0" timestamp="25 May 2021 12:06:49 GMT" skipped="0">
  <testcase classname="data.TC001_Get_whether" name="get" time="0.704"/>
</testsuite> <!-- data.TC001_Get_whether -->
