<?xml version="1.0" encoding="UTF-8"?>
<!-- Generated by org.testng.reporters.JUnitReportReporter -->
<testsuite hostname="Dell-PC" failures="0" tests="3" name="data.Groups" time="0.020" errors="0" timestamp="04 May 2021 02:23:56 GMT" skipped="0">
  <testcase classname="data.Groups" name="click_element" time="0.003"/>
  <testcase classname="data.Groups" name="checkTitletwo" time="0.015"/>
  <testcase classname="data.Groups" name="starting_point" time="0.002"/>
</testsuite> <!-- data.Groups -->
