<?xml version="1.0" encoding="UTF-8"?>
<!-- Generated by org.testng.reporters.JUnitReportReporter -->
<testsuite hostname="Dell-PC" failures="0" tests="4" name="data.Test" time="0.026" errors="0" timestamp="11 May 2021 05:14:26 GMT" skipped="0">
  <testcase classname="data.Test" name="LogIn" time="0.002"/>
  <testcase classname="data.Test" name="OpenBrowser" time="0.017"/>
  <testcase classname="data.Test" name="viewaccount" time="0.002"/>
  <testcase classname="data.Test" name="CloseAccount" time="0.005"/>
</testsuite> <!-- data.Test -->
