<?xml version="1.0" encoding="UTF-8"?>
<!-- Generated by org.testng.reporters.JUnitReportReporter -->
<testsuite hostname="Dell-PC" failures="0" tests="1" name="data.Tcoo2API" time="4.403" errors="0" timestamp="17 May 2021 14:24:25 GMT" skipped="0">
  <testcase classname="data.Tcoo2API" name="tcoo1" time="4.403"/>
</testsuite> <!-- data.Tcoo2API -->
