<?xml version="1.0" encoding="UTF-8"?>
<!-- Generated by org.testng.reporters.JUnitReportReporter -->
<testsuite skipped="0" hostname="Dell-PC" name="data.TC001_Get_whether" tests="3" failures="0" timestamp="03 May 2021 04:11:13 GMT" time="6.918" errors="0">
  <testcase name="get" time="4.252" classname="data.TC001_Get_whether"/>
  <testcase name="get" time="1.222" classname="data.TC001_Get_whether"/>
  <testcase name="get" time="1.444" classname="data.TC001_Get_whether"/>
</testsuite> <!-- data.TC001_Get_whether -->
